[25.03.17 09:09] SYSTEM: CPDCLPlugin()
[25.03.17 09:09] SYSTEM: CPDCLScreen()
[25.03.17 09:09] SYSTEM: OnAsrContentLoaded()
[25.03.17 09:10] SYSTEM: hoppieClear()
[25.03.17 09:10] SYSTEM: ~CPDCLPlugin()
[25.03.17 20:46] SYSTEM: CPDCLPlugin()
[25.03.17 20:46] SYSTEM: CPDCLScreen()
[25.03.17 20:46] SYSTEM: OnAsrContentLoaded()
[26.03.17 03:00] SYSTEM: hoppieClear()
[26.03.17 03:00] SYSTEM: ~CPDCLPlugin()
[26.03.17 09:30] SYSTEM: CPDCLPlugin()
[26.03.17 09:30] SYSTEM: CPDCLScreen()
[26.03.17 09:30] SYSTEM: OnAsrContentLoaded()
[26.03.17 09:30] SYSTEM: hoppieClear()
[26.03.17 09:30] SYSTEM: ~CPDCLPlugin()
[01.04.17 23:41] SYSTEM: CPDCLPlugin()
[01.04.17 23:42] SYSTEM: CPDCLScreen()
[01.04.17 23:42] SYSTEM: OnAsrContentLoaded()
[01.04.17 23:45] SYSTEM: hoppieClear()
[01.04.17 23:45] SYSTEM: ~CPDCLPlugin()
[02.04.17 21:03] SYSTEM: CPDCLPlugin()
[02.04.17 21:03] SYSTEM: CPDCLScreen()
[02.04.17 21:03] SYSTEM: OnAsrContentLoaded()
[03.04.17 00:56] SYSTEM: hoppieClear()
[03.04.17 00:56] SYSTEM: ~CPDCLPlugin()
[05.04.17 09:37] SYSTEM: CPDCLPlugin()
[05.04.17 09:37] SYSTEM: CPDCLScreen()
[05.04.17 09:37] SYSTEM: OnAsrContentLoaded()
[05.04.17 10:52] SYSTEM: hoppieClear()
[05.04.17 10:52] SYSTEM: ~CPDCLPlugin()
[08.04.17 08:56] SYSTEM: CPDCLPlugin()
[08.04.17 08:56] SYSTEM: CPDCLScreen()
[08.04.17 08:56] SYSTEM: OnAsrContentLoaded()
[08.04.17 10:09] SYSTEM: hoppieClear()
[08.04.17 10:09] SYSTEM: ~CPDCLPlugin()
[10.04.17 22:23] SYSTEM: CPDCLPlugin()
[10.04.17 22:23] SYSTEM: CPDCLScreen()
[10.04.17 22:23] SYSTEM: OnAsrContentLoaded()
[10.04.17 22:23] SYSTEM: hoppieClear()
[10.04.17 22:23] SYSTEM: ~CPDCLPlugin()
[15.04.17 23:12] SYSTEM: CPDCLPlugin()
[15.04.17 23:12] SYSTEM: CPDCLScreen()
[15.04.17 23:12] SYSTEM: OnAsrContentLoaded()
[16.04.17 00:59] SYSTEM: hoppieClear()
[16.04.17 00:59] SYSTEM: ~CPDCLPlugin()
[21.04.17 21:15] SYSTEM: CPDCLPlugin()
[21.04.17 21:15] SYSTEM: CPDCLScreen()
[21.04.17 21:15] SYSTEM: OnAsrContentLoaded()
[21.04.17 22:39] SYSTEM: hoppieClear()
[21.04.17 22:39] SYSTEM: ~CPDCLPlugin()
[22.04.17 07:37] SYSTEM: CPDCLPlugin()
[22.04.17 07:37] SYSTEM: CPDCLScreen()
[22.04.17 07:37] SYSTEM: OnAsrContentLoaded()
[22.04.17 08:20] SYSTEM: hoppieClear()
[22.04.17 08:20] SYSTEM: ~CPDCLPlugin()
[22.04.17 21:13] SYSTEM: CPDCLPlugin()
[22.04.17 21:13] SYSTEM: CPDCLScreen()
[22.04.17 21:13] SYSTEM: OnAsrContentLoaded()
[22.04.17 22:51] SYSTEM: hoppieClear()
[22.04.17 22:51] SYSTEM: ~CPDCLPlugin()
[04.05.17 18:13] SYSTEM: CPDCLPlugin()
[04.05.17 18:13] SYSTEM: CPDCLScreen()
[04.05.17 18:13] SYSTEM: OnAsrContentLoaded()
[04.05.17 20:22] SYSTEM: hoppieClear()
[04.05.17 20:22] SYSTEM: ~CPDCLPlugin()
[05.05.17 07:34] SYSTEM: CPDCLPlugin()
[05.05.17 07:34] SYSTEM: CPDCLScreen()
[05.05.17 07:34] SYSTEM: OnAsrContentLoaded()
[05.05.17 07:44] SYSTEM: hoppieClear()
[05.05.17 07:44] SYSTEM: ~CPDCLPlugin()
[05.05.17 21:51] SYSTEM: CPDCLPlugin()
[05.05.17 21:51] SYSTEM: CPDCLScreen()
[05.05.17 21:51] SYSTEM: OnAsrContentLoaded()
[05.05.17 21:54] SYSTEM: hoppieClear()
[05.05.17 21:54] SYSTEM: ~CPDCLPlugin()
[05.05.17 21:55] SYSTEM: CPDCLPlugin()
[05.05.17 21:55] SYSTEM: CPDCLScreen()
[05.05.17 21:55] SYSTEM: OnAsrContentLoaded()
[05.05.17 23:06] SYSTEM: hoppieClear()
[05.05.17 23:06] SYSTEM: ~CPDCLPlugin()
[06.05.17 08:40] SYSTEM: CPDCLPlugin()
[06.05.17 08:40] SYSTEM: CPDCLScreen()
[06.05.17 08:40] SYSTEM: OnAsrContentLoaded()
[06.05.17 10:00] SYSTEM: hoppieClear()
[06.05.17 10:00] SYSTEM: ~CPDCLPlugin()
[13.05.17 17:00] SYSTEM: CPDCLPlugin()
[13.05.17 17:00] SYSTEM: CPDCLScreen()
[13.05.17 17:00] SYSTEM: OnAsrContentLoaded()
[13.05.17 23:08] SYSTEM: hoppieClear()
[13.05.17 23:08] SYSTEM: ~CPDCLPlugin()
[20.05.17 22:32] SYSTEM: CPDCLPlugin()
[20.05.17 22:32] SYSTEM: CPDCLScreen()
[20.05.17 22:32] SYSTEM: OnAsrContentLoaded()
[20.05.17 23:19] SYSTEM: hoppieClear()
[20.05.17 23:19] SYSTEM: ~CPDCLPlugin()
[27.05.17 23:54] SYSTEM: CPDCLPlugin()
[27.05.17 23:54] SYSTEM: CPDCLScreen()
[27.05.17 23:54] SYSTEM: OnAsrContentLoaded()
[28.05.17 00:51] SYSTEM: hoppieClear()
[28.05.17 00:51] SYSTEM: ~CPDCLPlugin()
[10.06.17 20:54] SYSTEM: CPDCLPlugin()
[10.06.17 20:54] SYSTEM: CPDCLScreen()
[10.06.17 20:54] SYSTEM: OnAsrContentLoaded()
[10.06.17 20:55] SYSTEM: hoppieClear()
[10.06.17 20:55] SYSTEM: ~CPDCLPlugin()
[23.06.17 18:53] SYSTEM: CPDCLPlugin()
[23.06.17 18:53] SYSTEM: CPDCLScreen()
[23.06.17 18:53] SYSTEM: OnAsrContentLoaded()
[23.06.17 19:27] SYSTEM: hoppieClear()
[23.06.17 19:27] SYSTEM: ~CPDCLPlugin()
[25.06.17 05:19] SYSTEM: CPDCLPlugin()
[25.06.17 05:19] SYSTEM: CPDCLScreen()
[25.06.17 05:19] SYSTEM: OnAsrContentLoaded()
[25.06.17 05:21] EIST: Connect
[29.06.17 19:11] SYSTEM: CPDCLPlugin()
[29.06.17 19:11] SYSTEM: CPDCLScreen()
[29.06.17 19:11] SYSTEM: OnAsrContentLoaded()
[29.06.17 22:49] SYSTEM: hoppieClear()
[29.06.17 22:49] SYSTEM: ~CPDCLPlugin()
[29.06.17 22:52] SYSTEM: CPDCLPlugin()
[29.06.17 22:52] SYSTEM: CPDCLScreen()
[29.06.17 22:52] SYSTEM: OnAsrContentLoaded()
[29.06.17 22:56] SYSTEM: hoppieClear()
[29.06.17 22:56] SYSTEM: ~CPDCLPlugin()
[02.07.17 19:08] SYSTEM: CPDCLPlugin()
[02.07.17 19:08] SYSTEM: CPDCLScreen()
[02.07.17 19:08] SYSTEM: OnAsrContentLoaded()
[02.07.17 21:55] SYSTEM: hoppieClear()
[02.07.17 21:55] SYSTEM: ~CPDCLPlugin()
[04.07.17 22:20] SYSTEM: CPDCLPlugin()
[04.07.17 22:20] SYSTEM: CPDCLScreen()
[04.07.17 22:20] SYSTEM: OnAsrContentLoaded()
[05.07.17 00:38] SYSTEM: hoppieClear()
[05.07.17 00:38] SYSTEM: ~CPDCLPlugin()
[09.07.17 20:05] SYSTEM: CPDCLPlugin()
[09.07.17 20:05] SYSTEM: CPDCLScreen()
[09.07.17 20:05] SYSTEM: OnAsrContentLoaded()
[09.07.17 20:08] SYSTEM: hoppieClear()
[09.07.17 20:08] SYSTEM: ~CPDCLPlugin()
[09.07.17 20:11] SYSTEM: CPDCLPlugin()
[09.07.17 20:11] SYSTEM: CPDCLScreen()
[09.07.17 20:11] SYSTEM: OnAsrContentLoaded()
[09.07.17 20:13] SYSTEM: hoppieClear()
[09.07.17 20:13] SYSTEM: ~CPDCLPlugin()
[09.07.17 20:14] SYSTEM: CPDCLPlugin()
[09.07.17 20:14] SYSTEM: CPDCLScreen()
[09.07.17 20:14] SYSTEM: OnAsrContentLoaded()
[09.07.17 21:19] SYSTEM: CPDCLPlugin()
[09.07.17 21:19] SYSTEM: CPDCLScreen()
[09.07.17 21:19] SYSTEM: OnAsrContentLoaded()
[09.07.17 21:22] SYSTEM: hoppieClear()
[09.07.17 21:22] SYSTEM: ~CPDCLPlugin()
[09.07.17 22:09] SYSTEM: hoppieClear()
[09.07.17 22:09] SYSTEM: ~CPDCLPlugin()
[09.07.17 22:10] SYSTEM: CPDCLPlugin()
[09.07.17 22:10] SYSTEM: CPDCLScreen()
[09.07.17 22:10] SYSTEM: OnAsrContentLoaded()
[09.07.17 22:11] EISN: Connect
[09.07.17 22:11] SYSTEM: CPDCLPlugin()
[09.07.17 22:11] SYSTEM: CPDCLScreen()
[09.07.17 22:11] SYSTEM: OnAsrContentLoaded()
[09.07.17 22:58] SYSTEM: hoppieClear()
[09.07.17 22:58] SYSTEM: ~CPDCLPlugin()
[12.07.17 19:24] SYSTEM: CPDCLPlugin()
[12.07.17 19:24] SYSTEM: CPDCLScreen()
[12.07.17 19:24] SYSTEM: OnAsrContentLoaded()
[12.07.17 19:43] EISN: Connect
[14.07.17 22:13] SYSTEM: CPDCLPlugin()
[14.07.17 22:13] SYSTEM: CPDCLScreen()
[14.07.17 22:13] SYSTEM: OnAsrContentLoaded()
[14.07.17 22:48] SYSTEM: hoppieClear()
[14.07.17 22:48] SYSTEM: ~CPDCLPlugin()
[14.07.17 22:48] SYSTEM: CPDCLPlugin()
[14.07.17 22:48] SYSTEM: CPDCLScreen()
[14.07.17 22:48] SYSTEM: OnAsrContentLoaded()
[14.07.17 22:49] EISN: Connect
[14.07.17 23:12] SYSTEM: CPDCLPlugin()
[14.07.17 23:12] SYSTEM: CPDCLScreen()
[14.07.17 23:12] SYSTEM: OnAsrContentLoaded()
[14.07.17 23:32] SYSTEM: hoppieClear()
[14.07.17 23:32] SYSTEM: ~CPDCLPlugin()
[15.07.17 18:55] SYSTEM: CPDCLPlugin()
[15.07.17 18:55] SYSTEM: CPDCLScreen()
[15.07.17 18:55] SYSTEM: OnAsrContentLoaded()
[15.07.17 19:54] SYSTEM: hoppieClear()
[15.07.17 19:54] SYSTEM: ~CPDCLPlugin()
[16.07.17 20:09] SYSTEM: CPDCLPlugin()
[16.07.17 20:09] SYSTEM: CPDCLScreen()
[16.07.17 20:09] SYSTEM: OnAsrContentLoaded()
[16.07.17 20:10] EISN: Connect
[16.07.17 22:05] EISN: Disconnect
[16.07.17 22:10] SYSTEM: hoppieClear()
[16.07.17 22:10] SYSTEM: ~CPDCLPlugin()
[19.07.17 19:38] SYSTEM: CPDCLPlugin()
[19.07.17 19:38] SYSTEM: CPDCLScreen()
[19.07.17 19:38] SYSTEM: OnAsrContentLoaded()
[19.07.17 19:51] SYSTEM: hoppieClear()
[19.07.17 19:51] SYSTEM: ~CPDCLPlugin()
[21.07.17 20:11] SYSTEM: CPDCLPlugin()
[21.07.17 20:11] SYSTEM: CPDCLScreen()
[21.07.17 20:11] SYSTEM: OnAsrContentLoaded()
[21.07.17 20:11] EISN: Connect
[21.07.17 20:21] SYSTEM: CPDCLPlugin()
[21.07.17 20:21] SYSTEM: CPDCLScreen()
[21.07.17 20:21] SYSTEM: OnAsrContentLoaded()
[21.07.17 20:21] SYSTEM: hoppieClear()
[21.07.17 20:21] SYSTEM: ~CPDCLPlugin()
[22.07.17 13:53] SYSTEM: CPDCLPlugin()
[22.07.17 13:53] SYSTEM: CPDCLScreen()
[22.07.17 13:53] SYSTEM: OnAsrContentLoaded()
[22.07.17 13:53] SYSTEM: hoppieClear()
[22.07.17 13:53] SYSTEM: ~CPDCLPlugin()
[22.07.17 15:48] SYSTEM: CPDCLPlugin()
[22.07.17 15:48] SYSTEM: CPDCLScreen()
[22.07.17 15:48] SYSTEM: OnAsrContentLoaded()
[22.07.17 15:48] SYSTEM: CPDCLScreen()
[22.07.17 15:48] SYSTEM: OnAsrContentLoaded()
[22.07.17 15:51] SYSTEM: hoppieClear()
[22.07.17 15:51] SYSTEM: ~CPDCLPlugin()
[22.07.17 15:54] SYSTEM: CPDCLPlugin()
[22.07.17 15:54] SYSTEM: CPDCLScreen()
[22.07.17 15:54] SYSTEM: OnAsrContentLoaded()
[22.07.17 15:55] SYSTEM: CPDCLScreen()
[22.07.17 15:55] SYSTEM: OnAsrContentLoaded()
[22.07.17 15:58] SYSTEM: hoppieClear()
[22.07.17 15:58] SYSTEM: ~CPDCLPlugin()
[22.07.17 16:24] SYSTEM: CPDCLPlugin()
[22.07.17 16:24] SYSTEM: CPDCLScreen()
[22.07.17 16:24] SYSTEM: OnAsrContentLoaded()
[22.07.17 16:25] SYSTEM: CPDCLScreen()
[22.07.17 16:25] SYSTEM: OnAsrContentLoaded()
[22.07.17 16:27] EISN: Connect
[22.07.17 16:27] EISN: Disconnect
[22.07.17 22:15] SYSTEM: hoppieClear()
[22.07.17 22:15] SYSTEM: ~CPDCLPlugin()
[22.07.17 23:45] SYSTEM: CPDCLPlugin()
[22.07.17 23:45] SYSTEM: CPDCLScreen()
[22.07.17 23:45] SYSTEM: OnAsrContentLoaded()
[23.07.17 00:44] SYSTEM: CPDCLScreen()
[23.07.17 00:44] SYSTEM: OnAsrContentLoaded()
[23.07.17 01:51] SYSTEM: hoppieClear()
[23.07.17 01:51] SYSTEM: ~CPDCLPlugin()
[05.08.17 19:53] SYSTEM: CPDCLPlugin()
[05.08.17 19:53] SYSTEM: CPDCLScreen()
[05.08.17 19:53] SYSTEM: OnAsrContentLoaded()
[05.08.17 20:15] SYSTEM: hoppieClear()
[05.08.17 20:15] SYSTEM: ~CPDCLPlugin()
[11.08.17 22:55] SYSTEM: CPDCLPlugin()
[11.08.17 22:55] SYSTEM: CPDCLScreen()
[11.08.17 22:55] SYSTEM: OnAsrContentLoaded()
[12.08.17 00:52] SYSTEM: hoppieClear()
[12.08.17 00:52] SYSTEM: ~CPDCLPlugin()
[12.08.17 09:11] SYSTEM: CPDCLPlugin()
[12.08.17 09:11] SYSTEM: CPDCLScreen()
[12.08.17 09:11] SYSTEM: OnAsrContentLoaded()
[12.08.17 10:00] SYSTEM: hoppieClear()
[12.08.17 10:00] SYSTEM: ~CPDCLPlugin()
[13.08.17 00:22] SYSTEM: CPDCLPlugin()
[13.08.17 00:22] SYSTEM: CPDCLScreen()
[13.08.17 00:22] SYSTEM: OnAsrContentLoaded()
[13.08.17 00:30] SYSTEM: hoppieClear()
[13.08.17 00:30] SYSTEM: ~CPDCLPlugin()
[13.08.17 13:18] SYSTEM: CPDCLPlugin()
[13.08.17 13:18] SYSTEM: CPDCLScreen()
[13.08.17 13:18] SYSTEM: OnAsrContentLoaded()
[13.08.17 13:48] SYSTEM: hoppieClear()
[13.08.17 13:48] SYSTEM: ~CPDCLPlugin()
[15.08.17 22:43] SYSTEM: CPDCLPlugin()
[15.08.17 22:43] SYSTEM: CPDCLScreen()
[15.08.17 22:43] SYSTEM: OnAsrContentLoaded()
[15.08.17 23:44] SYSTEM: CPDCLScreen()
[15.08.17 23:44] SYSTEM: OnAsrContentLoaded()
[16.08.17 00:05] SYSTEM: hoppieClear()
[16.08.17 00:05] SYSTEM: ~CPDCLPlugin()
[25.08.17 23:38] SYSTEM: CPDCLPlugin()
[25.08.17 23:38] SYSTEM: CPDCLScreen()
[25.08.17 23:38] SYSTEM: OnAsrContentLoaded()
[26.08.17 00:56] SYSTEM: hoppieClear()
[26.08.17 00:56] SYSTEM: ~CPDCLPlugin()
[14.09.17 21:34] SYSTEM: CPDCLPlugin()
[14.09.17 21:34] SYSTEM: CPDCLScreen()
[14.09.17 21:34] SYSTEM: OnAsrContentLoaded()
[14.09.17 22:57] SYSTEM: hoppieClear()
[14.09.17 22:57] SYSTEM: ~CPDCLPlugin()
[23.09.17 17:49] SYSTEM: CPDCLPlugin()
[23.09.17 17:49] SYSTEM: CPDCLScreen()
[23.09.17 17:49] SYSTEM: OnAsrContentLoaded()
[23.09.17 19:44] SYSTEM: hoppieClear()
[23.09.17 19:44] SYSTEM: ~CPDCLPlugin()
[02.10.17 01:01] SYSTEM: CPDCLPlugin()
[02.10.17 01:01] SYSTEM: CPDCLScreen()
[02.10.17 01:01] SYSTEM: OnAsrContentLoaded()
[02.10.17 01:56] SYSTEM: CPDCLScreen()
[02.10.17 01:56] SYSTEM: OnAsrContentLoaded()
[02.10.17 02:26] SYSTEM: hoppieClear()
[02.10.17 02:26] SYSTEM: ~CPDCLPlugin()
[14.10.17 00:00] SYSTEM: CPDCLPlugin()
[14.10.17 00:00] SYSTEM: CPDCLScreen()
[14.10.17 00:00] SYSTEM: OnAsrContentLoaded()
[14.10.17 00:53] SYSTEM: hoppieClear()
[14.10.17 00:53] SYSTEM: ~CPDCLPlugin()
[14.10.17 13:57] SYSTEM: CPDCLPlugin()
[14.10.17 13:57] SYSTEM: CPDCLScreen()
[14.10.17 13:57] SYSTEM: OnAsrContentLoaded()
[14.10.17 13:58] SYSTEM: hoppieClear()
[14.10.17 13:58] SYSTEM: ~CPDCLPlugin()
[14.10.17 13:59] SYSTEM: CPDCLPlugin()
[14.10.17 13:59] SYSTEM: CPDCLScreen()
[14.10.17 13:59] SYSTEM: OnAsrContentLoaded()
[14.10.17 14:00] EISN: Connect
[14.10.17 14:08] SYSTEM: CPDCLPlugin()
[14.10.17 14:08] SYSTEM: CPDCLScreen()
[14.10.17 14:08] SYSTEM: OnAsrContentLoaded()
[14.10.17 14:09] SYSTEM: CPDCLPlugin()
[14.10.17 14:09] SYSTEM: CPDCLScreen()
[14.10.17 14:09] SYSTEM: OnAsrContentLoaded()
[14.10.17 14:10] SYSTEM: CPDCLPlugin()
[14.10.17 14:10] SYSTEM: CPDCLScreen()
[14.10.17 14:10] SYSTEM: OnAsrContentLoaded()
[14.10.17 20:03] SYSTEM: CPDCLPlugin()
[14.10.17 20:03] SYSTEM: CPDCLScreen()
[14.10.17 20:03] SYSTEM: OnAsrContentLoaded()
[14.10.17 20:04] SYSTEM: hoppieClear()
[14.10.17 20:04] SYSTEM: ~CPDCLPlugin()
[14.10.17 20:05] SYSTEM: CPDCLPlugin()
[14.10.17 20:05] SYSTEM: CPDCLScreen()
[14.10.17 20:05] SYSTEM: OnAsrContentLoaded()
[14.10.17 20:05] SYSTEM: hoppieClear()
[14.10.17 20:05] SYSTEM: ~CPDCLPlugin()
[15.10.17 01:24] SYSTEM: hoppieClear()
[15.10.17 01:24] SYSTEM: ~CPDCLPlugin()
[15.10.17 01:24] SYSTEM: hoppieClear()
[15.10.17 01:24] SYSTEM: ~CPDCLPlugin()
[15.10.17 02:45] SYSTEM: CPDCLPlugin()
[15.10.17 02:45] SYSTEM: CPDCLScreen()
[15.10.17 02:45] SYSTEM: OnAsrContentLoaded()
[15.10.17 02:48] SYSTEM: CPDCLPlugin()
[15.10.17 02:48] SYSTEM: CPDCLScreen()
[15.10.17 02:48] SYSTEM: OnAsrContentLoaded()
[15.10.17 04:35] SYSTEM: hoppieClear()
[15.10.17 04:35] SYSTEM: ~CPDCLPlugin()
[15.10.17 04:35] SYSTEM: hoppieClear()
[15.10.17 04:35] SYSTEM: ~CPDCLPlugin()
[15.10.17 04:36] SYSTEM: hoppieClear()
[15.10.17 04:36] SYSTEM: ~CPDCLPlugin()
[22.11.17 13:23] SYSTEM: CPDCLPlugin()
[22.11.17 13:23] SYSTEM: CPDCLScreen()
[22.11.17 13:23] SYSTEM: OnAsrContentLoaded()
[22.11.17 13:27] SYSTEM: CPDCLScreen()
[22.11.17 13:27] SYSTEM: OnAsrContentLoaded()
[22.11.17 14:42] SYSTEM: CPDCLScreen()
[22.11.17 14:42] SYSTEM: OnAsrContentLoaded()
[22.11.17 17:01] SYSTEM: hoppieClear()
[22.11.17 17:01] SYSTEM: ~CPDCLPlugin()
[22.11.17 18:31] SYSTEM: CPDCLPlugin()
[22.11.17 18:31] SYSTEM: CPDCLScreen()
[22.11.17 18:31] SYSTEM: OnAsrContentLoaded()
[22.11.17 18:31] SYSTEM: hoppieClear()
[22.11.17 18:31] SYSTEM: ~CPDCLPlugin()
[22.11.17 21:47] SYSTEM: CPDCLPlugin()
[22.11.17 21:47] SYSTEM: CPDCLScreen()
[22.11.17 21:47] SYSTEM: OnAsrContentLoaded()
[22.11.17 22:16] SYSTEM: hoppieClear()
[22.11.17 22:16] SYSTEM: ~CPDCLPlugin()
[22.11.17 22:16] SYSTEM: CPDCLPlugin()
[22.11.17 22:16] SYSTEM: CPDCLScreen()
[22.11.17 22:16] SYSTEM: OnAsrContentLoaded()
[22.11.17 23:04] SYSTEM: hoppieClear()
[22.11.17 23:04] SYSTEM: ~CPDCLPlugin()
[23.11.17 09:32] SYSTEM: CPDCLPlugin()
[23.11.17 09:32] SYSTEM: CPDCLScreen()
[23.11.17 09:32] SYSTEM: OnAsrContentLoaded()
[23.11.17 09:58] SYSTEM: hoppieClear()
[23.11.17 09:58] SYSTEM: ~CPDCLPlugin()
[23.11.17 16:12] SYSTEM: CPDCLPlugin()
[23.11.17 16:12] SYSTEM: CPDCLScreen()
[23.11.17 16:12] SYSTEM: OnAsrContentLoaded()
[23.11.17 16:21] SYSTEM: hoppieClear()
[23.11.17 16:21] SYSTEM: ~CPDCLPlugin()
[24.11.17 06:47] SYSTEM: CPDCLPlugin()
[24.11.17 06:47] SYSTEM: CPDCLScreen()
[24.11.17 06:47] SYSTEM: OnAsrContentLoaded()
[24.11.17 07:53] SYSTEM: hoppieClear()
[24.11.17 07:53] SYSTEM: ~CPDCLPlugin()
[24.11.17 12:01] SYSTEM: CPDCLPlugin()
[24.11.17 12:01] SYSTEM: CPDCLScreen()
[24.11.17 12:01] SYSTEM: OnAsrContentLoaded()
[24.11.17 12:27] SYSTEM: CPDCLScreen()
[24.11.17 12:27] SYSTEM: OnAsrContentLoaded()
[24.11.17 14:13] SYSTEM: hoppieClear()
[24.11.17 14:13] SYSTEM: ~CPDCLPlugin()
[24.11.17 17:07] SYSTEM: CPDCLPlugin()
[24.11.17 17:07] SYSTEM: CPDCLScreen()
[24.11.17 17:07] SYSTEM: OnAsrContentLoaded()
[24.11.17 17:30] SYSTEM: hoppieClear()
[24.11.17 17:30] SYSTEM: ~CPDCLPlugin()
[24.11.17 23:59] SYSTEM: CPDCLPlugin()
[24.11.17 23:59] SYSTEM: CPDCLScreen()
[24.11.17 23:59] SYSTEM: OnAsrContentLoaded()
[25.11.17 00:09] SYSTEM: hoppieClear()
[25.11.17 00:09] SYSTEM: ~CPDCLPlugin()
[28.11.17 16:31] SYSTEM: CPDCLPlugin()
[28.11.17 16:31] SYSTEM: CPDCLScreen()
[28.11.17 16:31] SYSTEM: OnAsrContentLoaded()
[28.11.17 16:33] SYSTEM: hoppieClear()
[28.11.17 16:33] SYSTEM: ~CPDCLPlugin()
[03.12.17 15:26] SYSTEM: CPDCLPlugin()
[03.12.17 15:26] SYSTEM: CPDCLScreen()
[03.12.17 15:26] SYSTEM: OnAsrContentLoaded()
[03.12.17 15:26] SYSTEM: CPDCLPlugin()
[03.12.17 15:26] SYSTEM: CPDCLScreen()
[03.12.17 15:26] SYSTEM: OnAsrContentLoaded()
[03.12.17 15:27] SYSTEM: CPDCLPlugin()
[03.12.17 15:27] SYSTEM: CPDCLScreen()
[03.12.17 15:27] SYSTEM: OnAsrContentLoaded()
[03.12.17 15:29] SYSTEM: CPDCLPlugin()
[03.12.17 15:29] SYSTEM: CPDCLScreen()
[03.12.17 15:29] SYSTEM: OnAsrContentLoaded()
[03.12.17 15:37] SYSTEM: hoppieClear()
[03.12.17 15:37] SYSTEM: ~CPDCLPlugin()
[03.12.17 15:38] SYSTEM: CPDCLPlugin()
[03.12.17 15:38] SYSTEM: CPDCLScreen()
[03.12.17 15:38] SYSTEM: OnAsrContentLoaded()
[03.12.17 16:35] SYSTEM: hoppieClear()
[03.12.17 16:35] SYSTEM: ~CPDCLPlugin()
[03.12.17 16:35] SYSTEM: hoppieClear()
[03.12.17 16:35] SYSTEM: ~CPDCLPlugin()
[03.12.17 16:35] SYSTEM: hoppieClear()
[03.12.17 16:35] SYSTEM: ~CPDCLPlugin()
[03.12.17 16:35] SYSTEM: hoppieClear()
[03.12.17 16:35] SYSTEM: ~CPDCLPlugin()
[07.12.17 20:58] SYSTEM: CPDCLPlugin()
[07.12.17 20:58] SYSTEM: CPDCLScreen()
[07.12.17 20:58] SYSTEM: OnAsrContentLoaded()
[07.12.17 21:01] SYSTEM: CPDCLPlugin()
[07.12.17 21:01] SYSTEM: CPDCLScreen()
[07.12.17 21:01] SYSTEM: OnAsrContentLoaded()
[07.12.17 21:54] SYSTEM: hoppieClear()
[07.12.17 21:54] SYSTEM: ~CPDCLPlugin()
[07.12.17 21:55] SYSTEM: hoppieClear()
[07.12.17 21:55] SYSTEM: ~CPDCLPlugin()
[05.05.18 20:02] SYSTEM: CPDCLPlugin()
[05.05.18 20:02] SYSTEM: CPDCLScreen()
[05.05.18 20:02] SYSTEM: OnAsrContentLoaded()
[05.05.18 20:03] SYSTEM: CPDCLScreen()
[05.05.18 20:03] SYSTEM: OnAsrContentLoaded()
[05.05.18 20:30] SYSTEM: hoppieClear()
[05.05.18 20:30] SYSTEM: ~CPDCLPlugin()
[05.05.18 22:49] SYSTEM: CPDCLPlugin()
[05.05.18 22:49] SYSTEM: CPDCLScreen()
[05.05.18 22:49] SYSTEM: OnAsrContentLoaded()
[06.05.18 00:11] SYSTEM: hoppieClear()
[06.05.18 00:11] SYSTEM: ~CPDCLPlugin()
[16.05.18 17:15] SYSTEM: CPDCLPlugin()
[16.05.18 17:15] SYSTEM: CPDCLScreen()
[16.05.18 17:15] SYSTEM: OnAsrContentLoaded()
[16.05.18 17:25] SYSTEM: hoppieClear()
[16.05.18 17:25] SYSTEM: ~CPDCLPlugin()
[22.05.18 15:59] SYSTEM: CPDCLPlugin()
[22.05.18 15:59] SYSTEM: CPDCLScreen()
[22.05.18 15:59] SYSTEM: OnAsrContentLoaded()
[22.05.18 16:26] SYSTEM: hoppieClear()
[22.05.18 16:26] SYSTEM: ~CPDCLPlugin()
[22.05.18 16:34] SYSTEM: CPDCLPlugin()
[22.05.18 16:34] SYSTEM: CPDCLScreen()
[22.05.18 16:34] SYSTEM: OnAsrContentLoaded()
[22.05.18 16:35] SYSTEM: Connect (NOCS)
[22.05.18 16:35] SYSTEM: Connect (NOCS)
[22.05.18 16:36] SYSTEM: Connect (NOCS)
[22.05.18 16:36] SYSTEM: Connect (NOCS)
[22.05.18 16:46] SYSTEM: hoppieClear()
[22.05.18 16:46] SYSTEM: ~CPDCLPlugin()
[22.05.18 16:46] SYSTEM: CPDCLPlugin()
[22.05.18 16:46] SYSTEM: CPDCLScreen()
[22.05.18 16:46] SYSTEM: OnAsrContentLoaded()
[22.05.18 17:02] EURI: Connect
[22.05.18 17:02] EURI: Disconnect
[22.05.18 17:02] EURI: Disconnect
[22.05.18 17:03] EURI: Connect
[22.05.18 17:03] EURI: Disconnect
[22.05.18 17:03] EURI: Connect
[22.05.18 17:04] MANUAL EURO: Disconnect
[22.05.18 17:05] MANUAL EURO: Connect
[22.05.18 17:20] EURI: Disconnect
[22.05.18 21:47] SYSTEM: hoppieClear()
[22.05.18 21:47] SYSTEM: ~CPDCLPlugin()
[25.05.18 21:20] SYSTEM: CPDCLPlugin()
[25.05.18 21:20] SYSTEM: CPDCLScreen()
[25.05.18 21:20] SYSTEM: OnAsrContentLoaded()
[25.05.18 21:20] EURI: Connect
[25.05.18 21:58] SYSTEM: hoppieClear()
[25.05.18 21:58] SYSTEM: ~CPDCLPlugin()
[26.05.18 21:25] SYSTEM: CPDCLPlugin()
[26.05.18 21:25] SYSTEM: CPDCLScreen()
[26.05.18 21:25] SYSTEM: OnAsrContentLoaded()
[26.05.18 22:09] SYSTEM: hoppieClear()
[26.05.18 22:09] SYSTEM: ~CPDCLPlugin()
[27.05.18 20:49] SYSTEM: CPDCLPlugin()
[27.05.18 20:49] SYSTEM: CPDCLScreen()
[27.05.18 20:49] SYSTEM: OnAsrContentLoaded()
[27.05.18 21:33] SYSTEM: hoppieClear()
[27.05.18 21:33] SYSTEM: ~CPDCLPlugin()
[30.05.18 15:38] SYSTEM: CPDCLPlugin()
[30.05.18 15:38] SYSTEM: CPDCLScreen()
[30.05.18 15:38] SYSTEM: OnAsrContentLoaded()
[30.05.18 15:50] SYSTEM: hoppieClear()
[30.05.18 15:50] SYSTEM: ~CPDCLPlugin()
[31.05.18 19:32] SYSTEM: CPDCLPlugin()
[31.05.18 19:32] SYSTEM: CPDCLScreen()
[31.05.18 19:32] SYSTEM: OnAsrContentLoaded()
[31.05.18 20:42] SYSTEM: hoppieClear()
[31.05.18 20:42] SYSTEM: ~CPDCLPlugin()
[01.06.18 20:43] SYSTEM: CPDCLPlugin()
[01.06.18 20:43] SYSTEM: CPDCLScreen()
[01.06.18 20:43] SYSTEM: OnAsrContentLoaded()
[01.06.18 22:28] SYSTEM: hoppieClear()
[01.06.18 22:28] SYSTEM: ~CPDCLPlugin()
[07.06.18 20:45] SYSTEM: CPDCLPlugin()
[07.06.18 20:45] SYSTEM: CPDCLScreen()
[07.06.18 20:45] SYSTEM: OnAsrContentLoaded()
[07.06.18 20:45] SYSTEM: CPDCLScreen()
[07.06.18 20:45] SYSTEM: OnAsrContentLoaded()
[07.06.18 20:47] SYSTEM: hoppieClear()
[07.06.18 20:47] SYSTEM: ~CPDCLPlugin()
[07.06.18 20:48] SYSTEM: CPDCLPlugin()
[07.06.18 20:48] SYSTEM: CPDCLScreen()
[07.06.18 20:48] SYSTEM: OnAsrContentLoaded()
[07.06.18 20:48] SYSTEM: hoppieClear()
[07.06.18 20:48] SYSTEM: ~CPDCLPlugin()
[07.06.18 20:48] SYSTEM: CPDCLPlugin()
[07.06.18 20:48] SYSTEM: CPDCLScreen()
[07.06.18 20:48] SYSTEM: OnAsrContentLoaded()
[07.06.18 20:54] SYSTEM: hoppieClear()
[07.06.18 20:54] SYSTEM: ~CPDCLPlugin()
[07.06.18 20:58] SYSTEM: CPDCLPlugin()
[07.06.18 20:59] SYSTEM: CPDCLScreen()
[07.06.18 20:59] SYSTEM: OnAsrContentLoaded()
[07.06.18 21:03] SYSTEM: hoppieClear()
[07.06.18 21:03] SYSTEM: ~CPDCLPlugin()
[07.06.18 21:04] SYSTEM: CPDCLPlugin()
[07.06.18 21:04] SYSTEM: CPDCLScreen()
[07.06.18 21:04] SYSTEM: OnAsrContentLoaded()
[07.06.18 21:04] SYSTEM: hoppieClear()
[07.06.18 21:04] SYSTEM: ~CPDCLPlugin()
[07.06.18 21:05] SYSTEM: CPDCLPlugin()
[07.06.18 21:05] SYSTEM: CPDCLScreen()
[07.06.18 21:05] SYSTEM: OnAsrContentLoaded()
[07.06.18 21:05] SYSTEM: hoppieClear()
[07.06.18 21:05] SYSTEM: ~CPDCLPlugin()
[07.06.18 21:05] SYSTEM: CPDCLPlugin()
[07.06.18 21:05] SYSTEM: CPDCLScreen()
[07.06.18 21:05] SYSTEM: OnAsrContentLoaded()
[07.06.18 21:05] SYSTEM: hoppieClear()
[07.06.18 21:05] SYSTEM: ~CPDCLPlugin()
[07.06.18 21:07] SYSTEM: CPDCLPlugin()
[07.06.18 21:07] SYSTEM: CPDCLScreen()
[07.06.18 21:07] SYSTEM: OnAsrContentLoaded()
[07.06.18 21:07] SYSTEM: hoppieClear()
[07.06.18 21:07] SYSTEM: ~CPDCLPlugin()
[07.06.18 21:08] SYSTEM: CPDCLPlugin()
[07.06.18 21:08] SYSTEM: CPDCLScreen()
[07.06.18 21:08] SYSTEM: OnAsrContentLoaded()
[07.06.18 21:09] SYSTEM: CPDCLScreen()
[07.06.18 21:09] SYSTEM: OnAsrContentLoaded()
[07.06.18 21:09] SYSTEM: CPDCLScreen()
[07.06.18 21:09] SYSTEM: OnAsrContentLoaded()
[07.06.18 21:09] SYSTEM: hoppieClear()
[07.06.18 21:09] SYSTEM: ~CPDCLPlugin()
[07.06.18 21:10] SYSTEM: CPDCLPlugin()
[07.06.18 21:10] SYSTEM: CPDCLScreen()
[07.06.18 21:10] SYSTEM: OnAsrContentLoaded()
[07.06.18 21:10] SYSTEM: CPDCLScreen()
[07.06.18 21:10] SYSTEM: OnAsrContentLoaded()
[07.06.18 21:22] SYSTEM: hoppieClear()
[07.06.18 21:22] SYSTEM: ~CPDCLPlugin()
[07.06.18 21:22] SYSTEM: CPDCLPlugin()
[07.06.18 21:22] SYSTEM: CPDCLScreen()
[07.06.18 21:22] SYSTEM: OnAsrContentLoaded()
[07.06.18 21:23] SYSTEM: CPDCLScreen()
[07.06.18 21:23] SYSTEM: OnAsrContentLoaded()
[07.06.18 21:24] SYSTEM: hoppieClear()
[07.06.18 21:24] SYSTEM: ~CPDCLPlugin()
[07.06.18 21:24] SYSTEM: CPDCLPlugin()
[07.06.18 21:24] SYSTEM: CPDCLScreen()
[07.06.18 21:24] SYSTEM: OnAsrContentLoaded()
[07.06.18 21:24] SYSTEM: hoppieClear()
[07.06.18 21:24] SYSTEM: ~CPDCLPlugin()
[07.06.18 21:25] SYSTEM: CPDCLPlugin()
[07.06.18 21:25] SYSTEM: CPDCLScreen()
[07.06.18 21:25] SYSTEM: OnAsrContentLoaded()
[07.06.18 21:25] SYSTEM: CPDCLScreen()
[07.06.18 21:25] SYSTEM: OnAsrContentLoaded()
[07.06.18 21:26] SYSTEM: hoppieClear()
[07.06.18 21:26] SYSTEM: ~CPDCLPlugin()
[07.06.18 21:27] SYSTEM: CPDCLPlugin()
[07.06.18 21:27] SYSTEM: CPDCLScreen()
[07.06.18 21:27] SYSTEM: OnAsrContentLoaded()
[07.06.18 21:27] SYSTEM: CPDCLScreen()
[07.06.18 21:27] SYSTEM: OnAsrContentLoaded()
[07.06.18 21:27] SYSTEM: hoppieClear()
[07.06.18 21:27] SYSTEM: ~CPDCLPlugin()
[07.06.18 21:27] SYSTEM: CPDCLPlugin()
[07.06.18 21:27] SYSTEM: CPDCLScreen()
[07.06.18 21:27] SYSTEM: OnAsrContentLoaded()
[07.06.18 21:27] SYSTEM: hoppieClear()
[07.06.18 21:27] SYSTEM: ~CPDCLPlugin()
[07.06.18 21:28] SYSTEM: CPDCLPlugin()
[07.06.18 21:28] SYSTEM: CPDCLScreen()
[07.06.18 21:28] SYSTEM: OnAsrContentLoaded()
[07.06.18 21:28] SYSTEM: hoppieClear()
[07.06.18 21:28] SYSTEM: ~CPDCLPlugin()
[07.06.18 21:34] SYSTEM: CPDCLPlugin()
[07.06.18 21:34] SYSTEM: CPDCLScreen()
[07.06.18 21:34] SYSTEM: OnAsrContentLoaded()
[07.06.18 21:34] SYSTEM: CPDCLScreen()
[07.06.18 21:34] SYSTEM: OnAsrContentLoaded()
[07.06.18 21:35] SYSTEM: hoppieClear()
[07.06.18 21:35] SYSTEM: ~CPDCLPlugin()
[07.06.18 21:38] SYSTEM: CPDCLPlugin()
[07.06.18 21:38] SYSTEM: CPDCLScreen()
[07.06.18 21:38] SYSTEM: OnAsrContentLoaded()
[07.06.18 21:38] SYSTEM: CPDCLScreen()
[07.06.18 21:38] SYSTEM: OnAsrContentLoaded()
[07.06.18 21:39] SYSTEM: hoppieClear()
[07.06.18 21:39] SYSTEM: ~CPDCLPlugin()
[07.06.18 21:42] SYSTEM: CPDCLPlugin()
[07.06.18 21:42] SYSTEM: CPDCLScreen()
[07.06.18 21:42] SYSTEM: OnAsrContentLoaded()
[07.06.18 21:42] SYSTEM: CPDCLScreen()
[07.06.18 21:42] SYSTEM: OnAsrContentLoaded()
[07.06.18 21:42] SYSTEM: hoppieClear()
[07.06.18 21:42] SYSTEM: ~CPDCLPlugin()
[07.06.18 21:45] SYSTEM: CPDCLPlugin()
[07.06.18 21:45] SYSTEM: CPDCLScreen()
[07.06.18 21:45] SYSTEM: OnAsrContentLoaded()
[07.06.18 21:45] SYSTEM: CPDCLScreen()
[07.06.18 21:45] SYSTEM: OnAsrContentLoaded()
[07.06.18 21:46] SYSTEM: hoppieClear()
[07.06.18 21:46] SYSTEM: ~CPDCLPlugin()
[07.06.18 21:46] SYSTEM: CPDCLPlugin()
[07.06.18 21:46] SYSTEM: CPDCLScreen()
[07.06.18 21:46] SYSTEM: OnAsrContentLoaded()
[07.06.18 21:47] SYSTEM: hoppieClear()
[07.06.18 21:47] SYSTEM: ~CPDCLPlugin()
[07.06.18 21:47] SYSTEM: CPDCLPlugin()
[07.06.18 21:47] SYSTEM: CPDCLScreen()
[07.06.18 21:47] SYSTEM: OnAsrContentLoaded()
[07.06.18 21:47] SYSTEM: CPDCLScreen()
[07.06.18 21:47] SYSTEM: OnAsrContentLoaded()
[07.06.18 21:47] SYSTEM: hoppieClear()
[07.06.18 21:47] SYSTEM: ~CPDCLPlugin()
[07.06.18 21:47] SYSTEM: CPDCLPlugin()
[07.06.18 21:47] SYSTEM: CPDCLScreen()
[07.06.18 21:47] SYSTEM: OnAsrContentLoaded()
[07.06.18 21:47] SYSTEM: hoppieClear()
[07.06.18 21:47] SYSTEM: ~CPDCLPlugin()
[07.06.18 21:48] SYSTEM: CPDCLPlugin()
[07.06.18 21:48] SYSTEM: CPDCLScreen()
[07.06.18 21:48] SYSTEM: OnAsrContentLoaded()
[07.06.18 21:49] SYSTEM: hoppieClear()
[07.06.18 21:49] SYSTEM: ~CPDCLPlugin()
[07.06.18 21:49] SYSTEM: CPDCLPlugin()
[07.06.18 21:49] SYSTEM: CPDCLScreen()
[07.06.18 21:49] SYSTEM: OnAsrContentLoaded()
[07.06.18 21:49] SYSTEM: CPDCLScreen()
[07.06.18 21:49] SYSTEM: OnAsrContentLoaded()
[07.06.18 21:49] SYSTEM: hoppieClear()
[07.06.18 21:49] SYSTEM: ~CPDCLPlugin()
[07.06.18 21:49] SYSTEM: CPDCLPlugin()
[07.06.18 21:49] SYSTEM: CPDCLScreen()
[07.06.18 21:49] SYSTEM: OnAsrContentLoaded()
[07.06.18 21:49] SYSTEM: CPDCLScreen()
[07.06.18 21:49] SYSTEM: OnAsrContentLoaded()
[07.06.18 21:49] SYSTEM: hoppieClear()
[07.06.18 21:49] SYSTEM: ~CPDCLPlugin()
[07.06.18 21:49] SYSTEM: CPDCLPlugin()
[07.06.18 21:49] SYSTEM: CPDCLScreen()
[07.06.18 21:49] SYSTEM: OnAsrContentLoaded()
[07.06.18 21:49] SYSTEM: CPDCLScreen()
[07.06.18 21:49] SYSTEM: OnAsrContentLoaded()
[07.06.18 21:49] SYSTEM: hoppieClear()
[07.06.18 21:49] SYSTEM: ~CPDCLPlugin()
[07.06.18 21:49] SYSTEM: CPDCLPlugin()
[07.06.18 21:49] SYSTEM: CPDCLScreen()
[07.06.18 21:49] SYSTEM: OnAsrContentLoaded()
[07.06.18 21:50] SYSTEM: hoppieClear()
[07.06.18 21:50] SYSTEM: ~CPDCLPlugin()
[07.06.18 21:50] SYSTEM: CPDCLPlugin()
[07.06.18 21:50] SYSTEM: CPDCLScreen()
[07.06.18 21:50] SYSTEM: OnAsrContentLoaded()
[07.06.18 21:50] SYSTEM: hoppieClear()
[07.06.18 21:50] SYSTEM: ~CPDCLPlugin()
[07.06.18 21:50] SYSTEM: CPDCLPlugin()
[07.06.18 21:50] SYSTEM: CPDCLScreen()
[07.06.18 21:50] SYSTEM: OnAsrContentLoaded()
[07.06.18 21:50] SYSTEM: hoppieClear()
[07.06.18 21:50] SYSTEM: ~CPDCLPlugin()
[07.06.18 21:50] SYSTEM: CPDCLPlugin()
[07.06.18 21:50] SYSTEM: CPDCLScreen()
[07.06.18 21:50] SYSTEM: OnAsrContentLoaded()
[07.06.18 21:50] SYSTEM: CPDCLScreen()
[07.06.18 21:50] SYSTEM: OnAsrContentLoaded()
[07.06.18 21:50] SYSTEM: CPDCLScreen()
[07.06.18 21:50] SYSTEM: OnAsrContentLoaded()
[07.06.18 21:51] SYSTEM: CPDCLScreen()
[07.06.18 21:51] SYSTEM: OnAsrContentLoaded()
[07.06.18 21:51] SYSTEM: hoppieClear()
[07.06.18 21:51] SYSTEM: ~CPDCLPlugin()
[07.06.18 21:51] SYSTEM: CPDCLPlugin()
[07.06.18 21:51] SYSTEM: CPDCLScreen()
[07.06.18 21:51] SYSTEM: OnAsrContentLoaded()
[07.06.18 21:52] SYSTEM: hoppieClear()
[07.06.18 21:52] SYSTEM: ~CPDCLPlugin()
[07.06.18 21:52] SYSTEM: CPDCLPlugin()
[07.06.18 21:52] SYSTEM: CPDCLScreen()
[07.06.18 21:52] SYSTEM: OnAsrContentLoaded()
[07.06.18 21:52] SYSTEM: CPDCLScreen()
[07.06.18 21:52] SYSTEM: OnAsrContentLoaded()
[07.06.18 21:52] SYSTEM: hoppieClear()
[07.06.18 21:52] SYSTEM: ~CPDCLPlugin()
[07.06.18 22:05] SYSTEM: CPDCLPlugin()
[07.06.18 22:05] SYSTEM: CPDCLScreen()
[07.06.18 22:05] SYSTEM: OnAsrContentLoaded()
[07.06.18 22:06] SYSTEM: hoppieClear()
[07.06.18 22:06] SYSTEM: ~CPDCLPlugin()
[07.06.18 22:10] SYSTEM: CPDCLPlugin()
[07.06.18 22:10] SYSTEM: CPDCLScreen()
[07.06.18 22:10] SYSTEM: OnAsrContentLoaded()
[07.06.18 22:25] SYSTEM: CPDCLScreen()
[07.06.18 22:25] SYSTEM: OnAsrContentLoaded()
[07.06.18 22:26] SYSTEM: hoppieClear()
[07.06.18 22:26] SYSTEM: ~CPDCLPlugin()
[07.06.18 22:28] SYSTEM: CPDCLPlugin()
[07.06.18 22:28] SYSTEM: CPDCLScreen()
[07.06.18 22:28] SYSTEM: OnAsrContentLoaded()
[07.06.18 22:28] SYSTEM: hoppieClear()
[07.06.18 22:28] SYSTEM: ~CPDCLPlugin()
[07.06.18 22:29] SYSTEM: CPDCLPlugin()
[07.06.18 22:29] SYSTEM: CPDCLScreen()
[07.06.18 22:29] SYSTEM: OnAsrContentLoaded()
[07.06.18 22:29] SYSTEM: hoppieClear()
[07.06.18 22:29] SYSTEM: ~CPDCLPlugin()
[07.06.18 22:29] SYSTEM: CPDCLPlugin()
[07.06.18 22:29] SYSTEM: CPDCLScreen()
[07.06.18 22:29] SYSTEM: OnAsrContentLoaded()
[07.06.18 22:29] SYSTEM: hoppieClear()
[07.06.18 22:29] SYSTEM: ~CPDCLPlugin()
[07.06.18 22:30] SYSTEM: CPDCLPlugin()
[07.06.18 22:30] SYSTEM: CPDCLScreen()
[07.06.18 22:30] SYSTEM: OnAsrContentLoaded()
[07.06.18 22:30] SYSTEM: hoppieClear()
[07.06.18 22:30] SYSTEM: ~CPDCLPlugin()
[07.06.18 22:30] SYSTEM: CPDCLPlugin()
[07.06.18 22:30] SYSTEM: CPDCLScreen()
[07.06.18 22:30] SYSTEM: OnAsrContentLoaded()
[07.06.18 22:39] SYSTEM: hoppieClear()
[07.06.18 22:39] SYSTEM: ~CPDCLPlugin()
[07.06.18 22:39] SYSTEM: CPDCLPlugin()
[07.06.18 22:39] SYSTEM: CPDCLScreen()
[07.06.18 22:39] SYSTEM: OnAsrContentLoaded()
[07.06.18 22:39] SYSTEM: CPDCLScreen()
[07.06.18 22:39] SYSTEM: OnAsrContentLoaded()
[07.06.18 22:40] SYSTEM: hoppieClear()
[07.06.18 22:40] SYSTEM: ~CPDCLPlugin()
[07.06.18 22:40] SYSTEM: CPDCLPlugin()
[07.06.18 22:40] SYSTEM: CPDCLScreen()
[07.06.18 22:40] SYSTEM: OnAsrContentLoaded()
[07.06.18 22:40] SYSTEM: hoppieClear()
[07.06.18 22:40] SYSTEM: ~CPDCLPlugin()
[07.06.18 22:40] SYSTEM: CPDCLPlugin()
[07.06.18 22:40] SYSTEM: CPDCLScreen()
[07.06.18 22:40] SYSTEM: OnAsrContentLoaded()
[07.06.18 22:48] SYSTEM: hoppieClear()
[07.06.18 22:48] SYSTEM: ~CPDCLPlugin()
[07.06.18 22:51] SYSTEM: CPDCLPlugin()
[07.06.18 22:51] SYSTEM: CPDCLScreen()
[07.06.18 22:51] SYSTEM: OnAsrContentLoaded()
[07.06.18 22:53] SYSTEM: hoppieClear()
[07.06.18 22:53] SYSTEM: ~CPDCLPlugin()
[07.06.18 22:53] SYSTEM: CPDCLPlugin()
[07.06.18 22:53] SYSTEM: CPDCLScreen()
[07.06.18 22:53] SYSTEM: OnAsrContentLoaded()
[07.06.18 22:53] SYSTEM: hoppieClear()
[07.06.18 22:53] SYSTEM: ~CPDCLPlugin()
[07.06.18 22:54] SYSTEM: CPDCLPlugin()
[07.06.18 22:54] SYSTEM: CPDCLScreen()
[07.06.18 22:54] SYSTEM: OnAsrContentLoaded()
[07.06.18 22:55] SYSTEM: hoppieClear()
[07.06.18 22:55] SYSTEM: ~CPDCLPlugin()
[07.06.18 22:56] SYSTEM: CPDCLPlugin()
[07.06.18 22:56] SYSTEM: CPDCLScreen()
[07.06.18 22:56] SYSTEM: OnAsrContentLoaded()
[07.06.18 23:01] SYSTEM: hoppieClear()
[07.06.18 23:01] SYSTEM: ~CPDCLPlugin()
